2021-10-07T04:59:05 [http-nio-61617-exec-5] INFO  com.axisrooms.onlinevacations.manager.OnlinevacationsOtaManager getProductInfo(319) - Input request to fetch rooms: -> {"auth":{"key":"shai5waiNohz7uTho6aes9igohd~aiSe"},"propertyId":"ARH001"}
2021-10-07T04:59:07 [http-nio-61617-exec-5] INFO  com.axisrooms.onlinevacations.manager.OnlinevacationsOtaManager getProductInfo(326) - Axisrooms ota getRooms Response={"message":"list of rooms","status":"success","data":[{"name":"Standard double room","id":"DBL001"},{"name":"Double room w/balcony","id":"DBL002"}]}
2021-10-07T04:59:07 [http-nio-61617-exec-5] INFO  com.axisrooms.onlinevacations.manager.OnlinevacationsOtaManager buildRoomResponse(343) - productInfoResponse - ProductInfoResponse(Data=[Datum(Id=DBL001, Name=Standard double room), Datum(Id=DBL002, Name=Double room w/balcony)], Message=list of rooms, Status=success)
2021-10-07T04:59:07 [http-nio-61617-exec-5] INFO  com.axisrooms.onlinevacations.manager.OnlinevacationsOtaManager buildRoomResponse(344) - productInfoResponse - list of rooms
2021-10-07T04:59:07 [http-nio-61617-exec-5] INFO  com.axisrooms.onlinevacations.manager.OnlinevacationsOtaManager buildRoomResponse(345) - productInfoResponse - success
2021-10-07T04:59:07 [http-nio-61617-exec-6] INFO  com.axisrooms.onlinevacations.manager.OnlinevacationsOtaManager getRatePlanInfo(382) - Input request to fetch rate plans: -> {"auth":{"key":"shai5waiNohz7uTho6aes9igohd~aiSe"},"propertyId":"ARH001","roomId":"905"}
2021-10-07T04:59:21 [http-nio-61617-exec-6] INFO  com.axisrooms.onlinevacations.manager.OnlinevacationsOtaManager getRatePlanInfo(390) - Axisrooms ota get rate plans Response={"message":"room not found by pmsCode: 905","status":"failure"}
2021-10-07T05:00:48 [http-nio-61617-exec-8] INFO  com.axisrooms.onlinevacations.manager.OnlinevacationsOtaManager getProductInfo(319) - Input request to fetch rooms: -> {"auth":{"key":"shai5waiNohz7uTho6aes9igohd~aiSe"},"propertyId":"ARH001"}
2021-10-07T05:00:49 [http-nio-61617-exec-8] INFO  com.axisrooms.onlinevacations.manager.OnlinevacationsOtaManager getProductInfo(326) - Axisrooms ota getRooms Response={"message":"list of rooms","status":"success","data":[{"name":"Standard double room","id":"DBL001"},{"name":"Double room w/balcony","id":"DBL002"}]}
2021-10-07T05:00:49 [http-nio-61617-exec-8] INFO  com.axisrooms.onlinevacations.manager.OnlinevacationsOtaManager buildRoomResponse(343) - productInfoResponse - ProductInfoResponse(Data=[Datum(Id=DBL001, Name=Standard double room), Datum(Id=DBL002, Name=Double room w/balcony)], Message=list of rooms, Status=success)
2021-10-07T05:00:49 [http-nio-61617-exec-8] INFO  com.axisrooms.onlinevacations.manager.OnlinevacationsOtaManager buildRoomResponse(344) - productInfoResponse - list of rooms
2021-10-07T05:00:49 [http-nio-61617-exec-8] INFO  com.axisrooms.onlinevacations.manager.OnlinevacationsOtaManager buildRoomResponse(345) - productInfoResponse - success
2021-10-07T05:00:54 [http-nio-61617-exec-9] INFO  com.axisrooms.onlinevacations.manager.OnlinevacationsOtaManager getProductInfo(319) - Input request to fetch rooms: -> {"auth":{"key":"shai5waiNohz7uTho6aes9igohd~aiSe"},"propertyId":"ARH001"}
2021-10-07T05:00:54 [http-nio-61617-exec-9] INFO  com.axisrooms.onlinevacations.manager.OnlinevacationsOtaManager getProductInfo(326) - Axisrooms ota getRooms Response={"message":"list of rooms","status":"success","data":[{"name":"Standard double room","id":"DBL001"},{"name":"Double room w/balcony","id":"DBL002"}]}
2021-10-07T05:00:54 [http-nio-61617-exec-9] INFO  com.axisrooms.onlinevacations.manager.OnlinevacationsOtaManager buildRoomResponse(343) - productInfoResponse - ProductInfoResponse(Data=[Datum(Id=DBL001, Name=Standard double room), Datum(Id=DBL002, Name=Double room w/balcony)], Message=list of rooms, Status=success)
2021-10-07T05:00:54 [http-nio-61617-exec-9] INFO  com.axisrooms.onlinevacations.manager.OnlinevacationsOtaManager buildRoomResponse(344) - productInfoResponse - list of rooms
2021-10-07T05:00:54 [http-nio-61617-exec-9] INFO  com.axisrooms.onlinevacations.manager.OnlinevacationsOtaManager buildRoomResponse(345) - productInfoResponse - success
2021-10-07T05:01:27 [http-nio-61617-exec-1] INFO  com.axisrooms.onlinevacations.manager.OnlinevacationsOtaManager getProductInfo(319) - Input request to fetch rooms: -> {"auth":{"key":"shai5waiNohz7uTho6aes9igohd~aiSe"},"propertyId":"ARH001"}
2021-10-07T05:01:27 [http-nio-61617-exec-1] INFO  com.axisrooms.onlinevacations.manager.OnlinevacationsOtaManager getProductInfo(326) - Axisrooms ota getRooms Response={"message":"list of rooms","status":"success","data":[{"name":"Standard double room","id":"DBL001"},{"name":"Double room w/balcony","id":"DBL002"}]}
2021-10-07T05:01:27 [http-nio-61617-exec-1] INFO  com.axisrooms.onlinevacations.manager.OnlinevacationsOtaManager buildRoomResponse(343) - productInfoResponse - ProductInfoResponse(Data=[Datum(Id=DBL001, Name=Standard double room), Datum(Id=DBL002, Name=Double room w/balcony)], Message=list of rooms, Status=success)
2021-10-07T05:01:27 [http-nio-61617-exec-1] INFO  com.axisrooms.onlinevacations.manager.OnlinevacationsOtaManager buildRoomResponse(344) - productInfoResponse - list of rooms
2021-10-07T05:01:27 [http-nio-61617-exec-1] INFO  com.axisrooms.onlinevacations.manager.OnlinevacationsOtaManager buildRoomResponse(345) - productInfoResponse - success
2021-10-07T05:01:49 [http-nio-61617-exec-3] INFO  com.axisrooms.onlinevacations.manager.OnlinevacationsOtaManager getProductInfo(319) - Input request to fetch rooms: -> {"auth":{"key":"shai5waiNohz7uTho6aes9igohd~aiSe"},"propertyId":"ARH001"}
2021-10-07T05:01:49 [http-nio-61617-exec-3] INFO  com.axisrooms.onlinevacations.manager.OnlinevacationsOtaManager getProductInfo(326) - Axisrooms ota getRooms Response={"message":"list of rooms","status":"success","data":[{"name":"Standard double room","id":"DBL001"},{"name":"Double room w/balcony","id":"DBL002"}]}
2021-10-07T05:01:49 [http-nio-61617-exec-3] INFO  com.axisrooms.onlinevacations.manager.OnlinevacationsOtaManager buildRoomResponse(343) - productInfoResponse - ProductInfoResponse(Data=[Datum(Id=DBL001, Name=Standard double room), Datum(Id=DBL002, Name=Double room w/balcony)], Message=list of rooms, Status=success)
2021-10-07T05:01:49 [http-nio-61617-exec-3] INFO  com.axisrooms.onlinevacations.manager.OnlinevacationsOtaManager buildRoomResponse(344) - productInfoResponse - list of rooms
2021-10-07T05:01:49 [http-nio-61617-exec-3] INFO  com.axisrooms.onlinevacations.manager.OnlinevacationsOtaManager buildRoomResponse(345) - productInfoResponse - success
2021-10-07T05:02:13 [http-nio-61617-exec-5] INFO  com.axisrooms.onlinevacations.manager.OnlinevacationsOtaManager getProductInfo(319) - Input request to fetch rooms: -> {"auth":{"key":"shai5waiNohz7uTho6aes9igohd~aiSe"},"propertyId":"ARH001"}
2021-10-07T05:02:13 [http-nio-61617-exec-5] INFO  com.axisrooms.onlinevacations.manager.OnlinevacationsOtaManager getProductInfo(326) - Axisrooms ota getRooms Response={"message":"list of rooms","status":"success","data":[{"name":"Standard double room","id":"DBL001"},{"name":"Double room w/balcony","id":"DBL002"}]}
2021-10-07T05:02:13 [http-nio-61617-exec-5] INFO  com.axisrooms.onlinevacations.manager.OnlinevacationsOtaManager buildRoomResponse(343) - productInfoResponse - ProductInfoResponse(Data=[Datum(Id=DBL001, Name=Standard double room), Datum(Id=DBL002, Name=Double room w/balcony)], Message=list of rooms, Status=success)
2021-10-07T05:02:13 [http-nio-61617-exec-5] INFO  com.axisrooms.onlinevacations.manager.OnlinevacationsOtaManager buildRoomResponse(344) - productInfoResponse - list of rooms
2021-10-07T05:02:13 [http-nio-61617-exec-5] INFO  com.axisrooms.onlinevacations.manager.OnlinevacationsOtaManager buildRoomResponse(345) - productInfoResponse - success
2021-10-07T05:02:13 [http-nio-61617-exec-6] INFO  com.axisrooms.onlinevacations.manager.OnlinevacationsOtaManager getRatePlanInfo(382) - Input request to fetch rate plans: -> {"auth":{"key":"shai5waiNohz7uTho6aes9igohd~aiSe"},"propertyId":"ARH001","roomId":"DBL001"}
2021-10-07T05:02:25 [http-nio-61617-exec-6] INFO  com.axisrooms.onlinevacations.manager.OnlinevacationsOtaManager getRatePlanInfo(390) - Axisrooms ota get rate plans Response={"message":"room rateplans","status":"success","data":[{"rateplanId":"RO","ratePlanName":"Room only","occupancy":["DOUBLE","EXTRACHILD","INFANT"]},{"rateplanId":"BB","ratePlanName":"Breakfast included","occupancy":["DOUBLE","EXTRACHILD","INFANT"]},{"rateplanId":"AI","ratePlanName":"All Inclusive","occupancy":["DOUBLE","EXTRACHILD","INFANT"]}]}
2021-10-07T05:02:25 [http-nio-61617-exec-6] INFO  com.axisrooms.onlinevacations.manager.OnlinevacationsOtaManager buildRatePlansResponse(417) - rateplanId----------null
2021-10-07T05:02:25 [http-nio-61617-exec-6] INFO  com.axisrooms.onlinevacations.manager.OnlinevacationsOtaManager buildRatePlansResponse(420) - ratePlanName if non null or non empty-----Room only
2021-10-07T05:02:25 [http-nio-61617-exec-6] INFO  com.axisrooms.onlinevacations.manager.OnlinevacationsOtaManager buildRatePlansResponse(417) - rateplanId----------null
2021-10-07T05:02:25 [http-nio-61617-exec-6] INFO  com.axisrooms.onlinevacations.manager.OnlinevacationsOtaManager buildRatePlansResponse(420) - ratePlanName if non null or non empty-----Breakfast included
2021-10-07T05:02:25 [http-nio-61617-exec-6] INFO  com.axisrooms.onlinevacations.manager.OnlinevacationsOtaManager buildRatePlansResponse(417) - rateplanId----------null
2021-10-07T05:02:25 [http-nio-61617-exec-6] INFO  com.axisrooms.onlinevacations.manager.OnlinevacationsOtaManager buildRatePlansResponse(420) - ratePlanName if non null or non empty-----All Inclusive
2021-10-07T05:26:16 [http-nio-61617-exec-8] INFO  com.axisrooms.onlinevacations.manager.OnlinevacationsOtaManager getProductInfo(319) - Input request to fetch rooms: -> {"auth":{"key":"shai5waiNohz7uTho6aes9igohd~aiSe"},"propertyId":"ARH001"}
2021-10-07T05:26:18 [http-nio-61617-exec-8] INFO  com.axisrooms.onlinevacations.manager.OnlinevacationsOtaManager getProductInfo(326) - Axisrooms ota getRooms Response={"message":"list of rooms","status":"success","data":[{"name":"Standard double room","id":"DBL001"},{"name":"Double room w/balcony","id":"DBL002"}]}
2021-10-07T05:26:18 [http-nio-61617-exec-8] INFO  com.axisrooms.onlinevacations.manager.OnlinevacationsOtaManager buildRoomResponse(343) - productInfoResponse - ProductInfoResponse(Data=[Datum(Id=DBL001, Name=Standard double room), Datum(Id=DBL002, Name=Double room w/balcony)], Message=list of rooms, Status=success)
2021-10-07T05:26:18 [http-nio-61617-exec-8] INFO  com.axisrooms.onlinevacations.manager.OnlinevacationsOtaManager buildRoomResponse(344) - productInfoResponse - list of rooms
2021-10-07T05:26:18 [http-nio-61617-exec-8] INFO  com.axisrooms.onlinevacations.manager.OnlinevacationsOtaManager buildRoomResponse(345) - productInfoResponse - success
2021-10-07T05:26:18 [http-nio-61617-exec-9] INFO  com.axisrooms.onlinevacations.manager.OnlinevacationsOtaManager getRatePlanInfo(382) - Input request to fetch rate plans: -> {"auth":{"key":"shai5waiNohz7uTho6aes9igohd~aiSe"},"propertyId":"ARH001","roomId":"DBL001"}
2021-10-07T05:26:18 [http-nio-61617-exec-9] INFO  com.axisrooms.onlinevacations.manager.OnlinevacationsOtaManager getRatePlanInfo(390) - Axisrooms ota get rate plans Response={"message":"room rateplans","status":"success","data":[{"rateplanId":"RO","ratePlanName":"Room only","occupancy":["DOUBLE","EXTRACHILD","INFANT"]},{"rateplanId":"BB","ratePlanName":"Breakfast included","occupancy":["DOUBLE","EXTRACHILD","INFANT"]},{"rateplanId":"AI","ratePlanName":"All Inclusive","occupancy":["DOUBLE","EXTRACHILD","INFANT"]}]}
2021-10-07T05:27:11 [http-nio-61617-exec-9] INFO  com.axisrooms.onlinevacations.manager.OnlinevacationsOtaManager buildRatePlansResponse(417) - rateplanId----------null
2021-10-07T05:27:13 [http-nio-61617-exec-9] INFO  com.axisrooms.onlinevacations.manager.OnlinevacationsOtaManager buildRatePlansResponse(420) - ratePlanName if non null or non empty-----Room only
2021-10-07T05:27:43 [http-nio-61617-exec-9] INFO  com.axisrooms.onlinevacations.manager.OnlinevacationsOtaManager buildRatePlansResponse(417) - rateplanId----------null
2021-10-07T05:27:43 [http-nio-61617-exec-9] INFO  com.axisrooms.onlinevacations.manager.OnlinevacationsOtaManager buildRatePlansResponse(420) - ratePlanName if non null or non empty-----Breakfast included
2021-10-07T05:27:50 [http-nio-61617-exec-9] INFO  com.axisrooms.onlinevacations.manager.OnlinevacationsOtaManager buildRatePlansResponse(417) - rateplanId----------null
2021-10-07T05:27:51 [http-nio-61617-exec-9] INFO  com.axisrooms.onlinevacations.manager.OnlinevacationsOtaManager buildRatePlansResponse(420) - ratePlanName if non null or non empty-----All Inclusive
2021-10-07T05:31:10 [http-nio-61617-exec-10] INFO  com.axisrooms.onlinevacations.manager.OnlinevacationsOtaManager getProductInfo(319) - Input request to fetch rooms: -> {"auth":{"key":"shai5waiNohz7uTho6aes9igohd~aiSe"},"propertyId":"ARH001"}
2021-10-07T05:31:12 [http-nio-61617-exec-10] INFO  com.axisrooms.onlinevacations.manager.OnlinevacationsOtaManager getProductInfo(326) - Axisrooms ota getRooms Response={"message":"list of rooms","status":"success","data":[{"name":"Standard double room","id":"DBL001"},{"name":"Double room w/balcony","id":"DBL002"}]}
2021-10-07T05:31:12 [http-nio-61617-exec-10] INFO  com.axisrooms.onlinevacations.manager.OnlinevacationsOtaManager buildRoomResponse(343) - productInfoResponse - ProductInfoResponse(Data=[Datum(Id=DBL001, Name=Standard double room), Datum(Id=DBL002, Name=Double room w/balcony)], Message=list of rooms, Status=success)
2021-10-07T05:31:12 [http-nio-61617-exec-10] INFO  com.axisrooms.onlinevacations.manager.OnlinevacationsOtaManager buildRoomResponse(344) - productInfoResponse - list of rooms
2021-10-07T05:31:12 [http-nio-61617-exec-10] INFO  com.axisrooms.onlinevacations.manager.OnlinevacationsOtaManager buildRoomResponse(345) - productInfoResponse - success
2021-10-07T05:49:03 [http-nio-61617-exec-2] INFO  com.axisrooms.onlinevacations.manager.OnlinevacationsOtaManager getRatePlanInfo(382) - Input request to fetch rate plans: -> {"auth":{"key":"shai5waiNohz7uTho6aes9igohd~aiSe"},"propertyId":"ARH001","roomId":"DBL002"}
2021-10-07T05:49:05 [http-nio-61617-exec-2] INFO  com.axisrooms.onlinevacations.manager.OnlinevacationsOtaManager getRatePlanInfo(390) - Axisrooms ota get rate plans Response={"message":"room rateplans","status":"success","data":[{"rateplanId":"RO","ratePlanName":"Room only","occupancy":["DOUBLE","EXTRACHILD","INFANT"]},{"rateplanId":"BB","ratePlanName":"Breakfast included","occupancy":["DOUBLE","EXTRACHILD","INFANT"]},{"rateplanId":"AI","ratePlanName":"All Inclusive","occupancy":["DOUBLE","EXTRACHILD","INFANT"]}]}
2021-10-07T05:49:25 [http-nio-61617-exec-2] INFO  com.axisrooms.onlinevacations.manager.OnlinevacationsOtaManager buildRatePlansResponse(417) - rateplanId----------null
2021-10-07T05:49:25 [http-nio-61617-exec-2] INFO  com.axisrooms.onlinevacations.manager.OnlinevacationsOtaManager buildRatePlansResponse(420) - ratePlanName if non null or non empty-----Room only
2021-10-07T05:49:25 [http-nio-61617-exec-2] INFO  com.axisrooms.onlinevacations.manager.OnlinevacationsOtaManager buildRatePlansResponse(417) - rateplanId----------null
2021-10-07T05:49:25 [http-nio-61617-exec-2] INFO  com.axisrooms.onlinevacations.manager.OnlinevacationsOtaManager buildRatePlansResponse(420) - ratePlanName if non null or non empty-----Breakfast included
2021-10-07T05:49:25 [http-nio-61617-exec-2] INFO  com.axisrooms.onlinevacations.manager.OnlinevacationsOtaManager buildRatePlansResponse(417) - rateplanId----------null
2021-10-07T05:49:25 [http-nio-61617-exec-2] INFO  com.axisrooms.onlinevacations.manager.OnlinevacationsOtaManager buildRatePlansResponse(420) - ratePlanName if non null or non empty-----All Inclusive
2021-10-07T06:29:19 [http-nio-61617-exec-4] INFO  com.axisrooms.onlinevacations.manager.OnlinevacationsOtaManager getProductInfo(319) - Input request to fetch rooms: -> {"auth":{"key":"shai5waiNohz7uTho6aes9igohd~aiSe"},"propertyId":"ARH001"}
2021-10-07T06:29:30 [http-nio-61617-exec-4] INFO  com.axisrooms.onlinevacations.manager.OnlinevacationsOtaManager getProductInfo(326) - Axisrooms ota getRooms Response={"message":"list of rooms","status":"success","data":[{"name":"Standard double room","id":"DBL001"},{"name":"Double room w/balcony","id":"DBL002"}]}
2021-10-07T06:29:30 [http-nio-61617-exec-4] INFO  com.axisrooms.onlinevacations.manager.OnlinevacationsOtaManager buildRoomResponse(343) - productInfoResponse - ProductInfoResponse(Data=[Datum(Id=DBL001, Name=Standard double room), Datum(Id=DBL002, Name=Double room w/balcony)], Message=list of rooms, Status=success)
2021-10-07T06:29:30 [http-nio-61617-exec-4] INFO  com.axisrooms.onlinevacations.manager.OnlinevacationsOtaManager buildRoomResponse(344) - productInfoResponse - list of rooms
2021-10-07T06:29:30 [http-nio-61617-exec-4] INFO  com.axisrooms.onlinevacations.manager.OnlinevacationsOtaManager buildRoomResponse(345) - productInfoResponse - success
2021-10-07T06:29:54 [http-nio-61617-exec-6] INFO  com.axisrooms.onlinevacations.manager.OnlinevacationsOtaManager getRatePlanInfo(382) - Input request to fetch rate plans: -> {"auth":{"key":"shai5waiNohz7uTho6aes9igohd~aiSe"},"propertyId":"ARH001","roomId":"DBL001"}
2021-10-07T06:29:54 [http-nio-61617-exec-6] INFO  com.axisrooms.onlinevacations.manager.OnlinevacationsOtaManager getRatePlanInfo(390) - Axisrooms ota get rate plans Response={"message":"room rateplans","status":"success","data":[{"rateplanId":"RO","ratePlanName":"Room only","occupancy":["DOUBLE","EXTRACHILD","INFANT"]},{"rateplanId":"BB","ratePlanName":"Breakfast included","occupancy":["DOUBLE","EXTRACHILD","INFANT"]},{"rateplanId":"AI","ratePlanName":"All Inclusive","occupancy":["DOUBLE","EXTRACHILD","INFANT"]}]}
2021-10-07T06:30:00 [http-nio-61617-exec-6] INFO  com.axisrooms.onlinevacations.manager.OnlinevacationsOtaManager buildRatePlansResponse(417) - rateplanId----------null
2021-10-07T06:30:00 [http-nio-61617-exec-6] INFO  com.axisrooms.onlinevacations.manager.OnlinevacationsOtaManager buildRatePlansResponse(420) - ratePlanName if non null or non empty-----Room only
2021-10-07T06:30:00 [http-nio-61617-exec-6] INFO  com.axisrooms.onlinevacations.manager.OnlinevacationsOtaManager buildRatePlansResponse(417) - rateplanId----------null
2021-10-07T06:30:00 [http-nio-61617-exec-6] INFO  com.axisrooms.onlinevacations.manager.OnlinevacationsOtaManager buildRatePlansResponse(420) - ratePlanName if non null or non empty-----Breakfast included
2021-10-07T06:30:00 [http-nio-61617-exec-6] INFO  com.axisrooms.onlinevacations.manager.OnlinevacationsOtaManager buildRatePlansResponse(417) - rateplanId----------null
2021-10-07T06:30:00 [http-nio-61617-exec-6] INFO  com.axisrooms.onlinevacations.manager.OnlinevacationsOtaManager buildRatePlansResponse(420) - ratePlanName if non null or non empty-----All Inclusive
2021-10-07T06:34:01 [http-nio-61617-exec-8] INFO  com.axisrooms.onlinevacations.manager.OnlinevacationsOtaManager getProductInfo(319) - Input request to fetch rooms: -> {"auth":{"key":"shai5waiNohz7uTho6aes9igohd~aiSe"},"propertyId":"ARH001"}
2021-10-07T06:34:13 [http-nio-61617-exec-8] INFO  com.axisrooms.onlinevacations.manager.OnlinevacationsOtaManager getProductInfo(326) - Axisrooms ota getRooms Response={"message":"list of rooms","status":"success","data":[{"name":"Standard double room","id":"DBL001"},{"name":"Double room w/balcony","id":"DBL002"}]}
2021-10-07T06:34:13 [http-nio-61617-exec-8] INFO  com.axisrooms.onlinevacations.manager.OnlinevacationsOtaManager buildRoomResponse(343) - productInfoResponse - ProductInfoResponse(Data=[Datum(Id=DBL001, Name=Standard double room), Datum(Id=DBL002, Name=Double room w/balcony)], Message=list of rooms, Status=success)
2021-10-07T06:34:13 [http-nio-61617-exec-8] INFO  com.axisrooms.onlinevacations.manager.OnlinevacationsOtaManager buildRoomResponse(344) - productInfoResponse - list of rooms
2021-10-07T06:34:13 [http-nio-61617-exec-8] INFO  com.axisrooms.onlinevacations.manager.OnlinevacationsOtaManager buildRoomResponse(345) - productInfoResponse - success
2021-10-07T06:34:21 [http-nio-61617-exec-10] INFO  com.axisrooms.onlinevacations.manager.OnlinevacationsOtaManager getProductInfo(319) - Input request to fetch rooms: -> {"auth":{"key":"shai5waiNohz7uTho6aes9igohd~aiSe"},"propertyId":"ARH001"}
2021-10-07T06:34:21 [http-nio-61617-exec-10] INFO  com.axisrooms.onlinevacations.manager.OnlinevacationsOtaManager getProductInfo(326) - Axisrooms ota getRooms Response={"message":"list of rooms","status":"success","data":[{"name":"Standard double room","id":"DBL001"},{"name":"Double room w/balcony","id":"DBL002"}]}
2021-10-07T06:34:21 [http-nio-61617-exec-10] INFO  com.axisrooms.onlinevacations.manager.OnlinevacationsOtaManager buildRoomResponse(343) - productInfoResponse - ProductInfoResponse(Data=[Datum(Id=DBL001, Name=Standard double room), Datum(Id=DBL002, Name=Double room w/balcony)], Message=list of rooms, Status=success)
2021-10-07T06:34:21 [http-nio-61617-exec-10] INFO  com.axisrooms.onlinevacations.manager.OnlinevacationsOtaManager buildRoomResponse(344) - productInfoResponse - list of rooms
2021-10-07T06:34:21 [http-nio-61617-exec-10] INFO  com.axisrooms.onlinevacations.manager.OnlinevacationsOtaManager buildRoomResponse(345) - productInfoResponse - success
2021-10-07T06:34:49 [http-nio-61617-exec-2] INFO  com.axisrooms.onlinevacations.manager.OnlinevacationsOtaManager getProductInfo(319) - Input request to fetch rooms: -> {"auth":{"key":"shai5waiNohz7uTho6aes9igohd~aiSe"},"propertyId":"ARH001"}
2021-10-07T06:34:49 [http-nio-61617-exec-2] INFO  com.axisrooms.onlinevacations.manager.OnlinevacationsOtaManager getProductInfo(326) - Axisrooms ota getRooms Response={"message":"list of rooms","status":"success","data":[{"name":"Standard double room","id":"DBL001"},{"name":"Double room w/balcony","id":"DBL002"}]}
2021-10-07T06:34:49 [http-nio-61617-exec-2] INFO  com.axisrooms.onlinevacations.manager.OnlinevacationsOtaManager buildRoomResponse(343) - productInfoResponse - ProductInfoResponse(Data=[Datum(Id=DBL001, Name=Standard double room), Datum(Id=DBL002, Name=Double room w/balcony)], Message=list of rooms, Status=success)
2021-10-07T06:34:49 [http-nio-61617-exec-2] INFO  com.axisrooms.onlinevacations.manager.OnlinevacationsOtaManager buildRoomResponse(344) - productInfoResponse - list of rooms
2021-10-07T06:34:49 [http-nio-61617-exec-2] INFO  com.axisrooms.onlinevacations.manager.OnlinevacationsOtaManager buildRoomResponse(345) - productInfoResponse - success
2021-10-07T06:34:55 [http-nio-61617-exec-4] INFO  com.axisrooms.onlinevacations.manager.OnlinevacationsOtaManager getProductInfo(319) - Input request to fetch rooms: -> {"auth":{"key":"shai5waiNohz7uTho6aes9igohd~aiSe"},"propertyId":"ARH001"}
2021-10-07T06:34:55 [http-nio-61617-exec-4] INFO  com.axisrooms.onlinevacations.manager.OnlinevacationsOtaManager getProductInfo(326) - Axisrooms ota getRooms Response={"message":"list of rooms","status":"success","data":[{"name":"Standard double room","id":"DBL001"},{"name":"Double room w/balcony","id":"DBL002"}]}
2021-10-07T06:34:55 [http-nio-61617-exec-4] INFO  com.axisrooms.onlinevacations.manager.OnlinevacationsOtaManager buildRoomResponse(343) - productInfoResponse - ProductInfoResponse(Data=[Datum(Id=DBL001, Name=Standard double room), Datum(Id=DBL002, Name=Double room w/balcony)], Message=list of rooms, Status=success)
2021-10-07T06:34:55 [http-nio-61617-exec-4] INFO  com.axisrooms.onlinevacations.manager.OnlinevacationsOtaManager buildRoomResponse(344) - productInfoResponse - list of rooms
2021-10-07T06:34:55 [http-nio-61617-exec-4] INFO  com.axisrooms.onlinevacations.manager.OnlinevacationsOtaManager buildRoomResponse(345) - productInfoResponse - success
2021-10-07T06:35:13 [http-nio-61617-exec-6] INFO  com.axisrooms.onlinevacations.manager.OnlinevacationsOtaManager getProductInfo(319) - Input request to fetch rooms: -> {"auth":{"key":"shai5waiNohz7uTho6aes9igohd~aiSe"},"propertyId":"ARH001"}
2021-10-07T06:35:13 [http-nio-61617-exec-6] INFO  com.axisrooms.onlinevacations.manager.OnlinevacationsOtaManager getProductInfo(326) - Axisrooms ota getRooms Response={"message":"list of rooms","status":"success","data":[{"name":"Standard double room","id":"DBL001"},{"name":"Double room w/balcony","id":"DBL002"}]}
2021-10-07T06:35:13 [http-nio-61617-exec-6] INFO  com.axisrooms.onlinevacations.manager.OnlinevacationsOtaManager buildRoomResponse(343) - productInfoResponse - ProductInfoResponse(Data=[Datum(Id=DBL001, Name=Standard double room), Datum(Id=DBL002, Name=Double room w/balcony)], Message=list of rooms, Status=success)
2021-10-07T06:35:13 [http-nio-61617-exec-6] INFO  com.axisrooms.onlinevacations.manager.OnlinevacationsOtaManager buildRoomResponse(344) - productInfoResponse - list of rooms
2021-10-07T06:35:13 [http-nio-61617-exec-6] INFO  com.axisrooms.onlinevacations.manager.OnlinevacationsOtaManager buildRoomResponse(345) - productInfoResponse - success
2021-10-07T06:35:13 [http-nio-61617-exec-7] INFO  com.axisrooms.onlinevacations.manager.OnlinevacationsOtaManager getRatePlanInfo(382) - Input request to fetch rate plans: -> {"auth":{"key":"shai5waiNohz7uTho6aes9igohd~aiSe"},"propertyId":"ARH001","roomId":"DBL001"}
2021-10-07T06:35:13 [http-nio-61617-exec-7] INFO  com.axisrooms.onlinevacations.manager.OnlinevacationsOtaManager getRatePlanInfo(390) - Axisrooms ota get rate plans Response={"message":"room rateplans","status":"success","data":[{"rateplanId":"RO","ratePlanName":"Room only","occupancy":["DOUBLE","EXTRACHILD","INFANT"]},{"rateplanId":"BB","ratePlanName":"Breakfast included","occupancy":["DOUBLE","EXTRACHILD","INFANT"]},{"rateplanId":"AI","ratePlanName":"All Inclusive","occupancy":["DOUBLE","EXTRACHILD","INFANT"]}]}
2021-10-07T06:35:17 [http-nio-61617-exec-7] INFO  com.axisrooms.onlinevacations.manager.OnlinevacationsOtaManager buildRatePlansResponse(417) - rateplanId----------null
2021-10-07T06:35:17 [http-nio-61617-exec-7] INFO  com.axisrooms.onlinevacations.manager.OnlinevacationsOtaManager buildRatePlansResponse(420) - ratePlanName if non null or non empty-----Room only
2021-10-07T06:35:17 [http-nio-61617-exec-7] INFO  com.axisrooms.onlinevacations.manager.OnlinevacationsOtaManager buildRatePlansResponse(417) - rateplanId----------null
2021-10-07T06:35:17 [http-nio-61617-exec-7] INFO  com.axisrooms.onlinevacations.manager.OnlinevacationsOtaManager buildRatePlansResponse(420) - ratePlanName if non null or non empty-----Breakfast included
2021-10-07T06:35:17 [http-nio-61617-exec-7] INFO  com.axisrooms.onlinevacations.manager.OnlinevacationsOtaManager buildRatePlansResponse(417) - rateplanId----------null
2021-10-07T06:35:17 [http-nio-61617-exec-7] INFO  com.axisrooms.onlinevacations.manager.OnlinevacationsOtaManager buildRatePlansResponse(420) - ratePlanName if non null or non empty-----All Inclusive
